Using pre-set license
Built from '2020.3/staging' branch; Version is '2020.3.22f1 (e1a7f79fd887) revision 14788599'; Using compiler version '192528614'; Build Type 'Release'
OS: 'Windows 10 Home Single Language; OS build 19043.1348; Version 2009; 64bit' Language: 'en' Physical Memory: 3968 MB
BatchMode: 1, IsHumanControllingUs: 0, StartBugReporterOnCrash: 0, Is64bit: 1, IsPro: 0

COMMAND LINE ARGUMENTS:
C:\Program Files\Unity\Hub\Editor\Unity 2020.3.22f1\Editor\Unity.exe
-adb2
-batchMode
-noUpm
-name
AssetImportWorker23
-projectPath
C:/Users/hp/Unity2021/Quaternion
-logFile
Logs/AssetImportWorker23.log
-srvPort
65518
Successfully changed project path to: C:/Users/hp/Unity2021/Quaternion
C:/Users/hp/Unity2021/Quaternion
Using Asset Import Pipeline V2.
Refreshing native plugins compatible for Editor in 79.26 ms, found 2 plugins.
Preloading 0 native plugins for Editor in 0.00 ms.
Initialize engine version: 2020.3.22f1 (e1a7f79fd887)
[Subsystems] Discovering subsystems at path C:/Program Files/Unity/Hub/Editor/Unity 2020.3.22f1/Editor/Data/Resources/UnitySubsystems
[Subsystems] Discovering subsystems at path C:/Users/hp/Unity2021/Quaternion/Assets
GfxDevice: creating device client; threaded=0
Direct3D:
    Version:  Direct3D 11.0 [level 11.1]
    Renderer: Intel(R) HD Graphics 620 (ID=0x5916)
    Vendor:   
    VRAM:     1984 MB
    Driver:   22.20.16.4749
Initialize mono
Mono path[0] = 'C:/Program Files/Unity/Hub/Editor/Unity 2020.3.22f1/Editor/Data/Managed'
Mono path[1] = 'C:/Program Files/Unity/Hub/Editor/Unity 2020.3.22f1/Editor/Data/MonoBleedingEdge/lib/mono/unityjit'
Mono config path = 'C:/Program Files/Unity/Hub/Editor/Unity 2020.3.22f1/Editor/Data/MonoBleedingEdge/etc'
Using monoOptions --debugger-agent=transport=dt_socket,embedding=1,server=y,suspend=n,address=127.0.0.1:56700
Begin MonoManager ReloadAssembly
Registering precompiled unity dll's ...
Register platform support module: C:/Program Files/Unity/Hub/Editor/Unity 2020.3.22f1/Editor/Data/PlaybackEngines/WindowsStandaloneSupport/UnityEditor.WindowsStandalone.Extensions.dll
Registered in 0.003268 seconds.
Native extension for WindowsStandalone target not found
Refreshing native plugins compatible for Editor in 73.86 ms, found 2 plugins.
Preloading 0 native plugins for Editor in 0.00 ms.
Mono: successfully reloaded assembly
- Completed reload, in  2.125 seconds
Domain Reload Profiling:
	ReloadAssembly (2126ms)
		BeginReloadAssembly (87ms)
			ExecutionOrderSort (0ms)
			DisableScriptedObjects (0ms)
			BackupInstance (0ms)
			ReleaseScriptingObjects (0ms)
			CreateAndSetChildDomain (1ms)
		EndReloadAssembly (740ms)
			LoadAssemblies (84ms)
			RebuildTransferFunctionScriptingTraits (0ms)
			SetupTypeCache (224ms)
			ReleaseScriptCaches (0ms)
			RebuildScriptCaches (48ms)
			SetupLoadedEditorAssemblies (284ms)
				LogAssemblyErrors (0ms)
				InitializePlatformSupportModulesInManaged (5ms)
				SetLoadedEditorAssemblies (0ms)
				RefreshPlugins (74ms)
				BeforeProcessingInitializeOnLoad (17ms)
				ProcessInitializeOnLoadAttributes (151ms)
				ProcessInitializeOnLoadMethodAttributes (36ms)
				AfterProcessingInitializeOnLoad (0ms)
				EditorAssembliesLoaded (0ms)
			ExecutionOrderSort2 (0ms)
			AwakeInstancesAfterBackupRestoration (0ms)
Platform modules already initialized, skipping
Registering precompiled user dll's ...
Registered in 0.007011 seconds.
Begin MonoManager ReloadAssembly
Native extension for WindowsStandalone target not found
Refreshing native plugins compatible for Editor in 225.68 ms, found 2 plugins.
Preloading 0 native plugins for Editor in 0.00 ms.
Mono: successfully reloaded assembly
- Completed reload, in  9.312 seconds
Domain Reload Profiling:
	ReloadAssembly (9395ms)
		BeginReloadAssembly (512ms)
			ExecutionOrderSort (26ms)
			DisableScriptedObjects (7ms)
			BackupInstance (0ms)
			ReleaseScriptingObjects (0ms)
			CreateAndSetChildDomain (232ms)
		EndReloadAssembly (8469ms)
			LoadAssemblies (3566ms)
			RebuildTransferFunctionScriptingTraits (0ms)
			SetupTypeCache (2157ms)
			ReleaseScriptCaches (1ms)
			RebuildScriptCaches (67ms)
			SetupLoadedEditorAssemblies (2334ms)
				LogAssemblyErrors (0ms)
				InitializePlatformSupportModulesInManaged (9ms)
				SetLoadedEditorAssemblies (0ms)
				RefreshPlugins (226ms)
				BeforeProcessingInitializeOnLoad (183ms)
				ProcessInitializeOnLoadAttributes (1709ms)
				ProcessInitializeOnLoadMethodAttributes (197ms)
				AfterProcessingInitializeOnLoad (9ms)
				EditorAssembliesLoaded (0ms)
			ExecutionOrderSort2 (0ms)
			AwakeInstancesAfterBackupRestoration (11ms)
Platform modules already initialized, skipping
========================================================================
Worker process is ready to serve import requests
Launched and connected shader compiler UnityShaderCompiler.exe after 1.51 seconds
Refreshing native plugins compatible for Editor in 1.04 ms, found 2 plugins.
Preloading 0 native plugins for Editor in 0.00 ms.
Unloading 2795 Unused Serialized files (Serialized files now loaded: 0)
System memory in use before: 125.6 MB.
System memory in use after: 125.8 MB.

Unloading 20 unused Assets to reduce memory usage. Loaded Objects now: 3225.
Total: 20.691100 ms (FindLiveObjects: 0.474300 ms CreateObjectMapping: 0.318400 ms MarkObjects: 19.740200 ms  DeleteObjects: 0.151700 ms)

AssetImportParameters requested are different than current active one (requested -> active):
  custom:framework-win-MediaFoundation: 216162199b28c13a410421893ffa2e32 -> 
  custom:video-decoder-ogg-theora: a1e56fd34408186e4bbccfd4996cb3dc -> 
  custom:container-muxer-webm: aa71ff27fc2769a1b78a27578f13a17b -> 
  custom:container-demuxer-webm: 4f35f7cbe854078d1ac9338744f61a02 -> 
  custom:container-demuxer-ogg: 62fdf1f143b41e24485cea50d1cbac27 -> 
  custom:video-encoder-webm-vp8: eb34c28f22e8b96e1ab97ce403110664 -> 
  custom:video-codec-MediaFoundation-h265: 746d11721c4dcdbdad8f713fa42b33f4 -> 
  custom:video-decoder-webm-vp8: 9c59270c3fd7afecdb556c50c9e8de78 -> 
  custom:audio-decoder-ogg-vorbis: bf7c407c2cedff20999df2af8eb42d56 -> 
  custom:audio-encoder-webm-vorbis: bf7c407c2cedff20999df2af8eb42d56 -> 
========================================================================
Received Import Request.
  path: Assets/Readme.asset
  artifactKey: Guid(83c2ed844a8c74b779a4c823d16594b1) Importer(815301076,1909f56bfc062723c751e8b465ee728b)
Start importing Assets/Readme.asset using Guid(83c2ed844a8c74b779a4c823d16594b1) Importer(815301076,1909f56bfc062723c751e8b465ee728b)  -> (artifact id: '8ffd2c44ffeb50c574abb5d0c4453328') in 13.542558 seconds 
  Import took 14.067196 seconds .

========================================================================
Received Import Request.
  Time since last request: 710.404557 seconds.
  path: Assets
  artifactKey: Guid(00000000000000001000000000000000) Importer(815301076,1909f56bfc062723c751e8b465ee728b)
Start importing Assets using Guid(00000000000000001000000000000000) Importer(815301076,1909f56bfc062723c751e8b465ee728b)  -> (artifact id: '42d402b061de3733987d63b9cc3b64de') in 9.753875 seconds 
  Import took 11.371890 seconds .

========================================================================
Received Import Request.
  Time since last request: 37.829483 seconds.
  path: Assets/template
  artifactKey: Guid(83abd4bcdec75c34482171e6ed592ecc) Importer(815301076,1909f56bfc062723c751e8b465ee728b)
Start importing Assets/template using Guid(83abd4bcdec75c34482171e6ed592ecc) Importer(815301076,1909f56bfc062723c751e8b465ee728b)  -> (artifact id: '9cbf85909fad6b16fa2cd73b4a096320') in 0.180898 seconds 
  Import took 0.427018 seconds .

========================================================================
Received Import Request.
  Time since last request: 10527.758006 seconds.
  path: Assets/Settings
  artifactKey: Guid(0735c275001a2c84dafdb30deced5d8d) Importer(815301076,1909f56bfc062723c751e8b465ee728b)
Start importing Assets/Settings using Guid(0735c275001a2c84dafdb30deced5d8d) Importer(815301076,1909f56bfc062723c751e8b465ee728b)  -> (artifact id: '00000000000000000000000000000000') in 538.947807 seconds  code(4) message(Build asset version error: assets/settings.meta in SourceAssetDB has modification time of '2021-09-13T16:08:49Z' while content on disk has modification time of '0001-01-01T00:00:00Z' with error code 2
Stacktrace:
0x00007ff6e5decbac (Unity) StackWalker::GetCurrentCallstack
0x00007ff6e5df5249 (Unity) StackWalker::ShowCallstack
0x00007ff6e732319c (Unity) GetStacktrace
0x00007ff6e75066e7 (Unity) GetAssetHashAndValidate
0x00007ff6e7501964 (Unity) AssetVersionBuilder::BuildHashOfSourceAssetArray
0x00007ff6e74ff822 (Unity) AssetVersionBuilder::BuildAssetVersion
0x00007ff6e74d9c3d (Unity) CreateAssetVersionBuilder
0x00007ff6e74e093d (Unity) ImportToObjects
0x00007ff6e74df758 (Unity) ImportAsset
0x00007ff6e7441518 (Unity) AssetImportWorker::Import
0x00007ff6e74952fa (Unity) <lambda_bc460064e1fa47f4de661f7cf652321c>::operator()
0x00007ff6e7538f22 (Unity) asio::detail::completion_handler<core::mutable_function<void __cdecl(void)> >::do_complete
0x00007ff6e753b080 (Unity) asio::detail::win_iocp_io_service::do_one
0x00007ff6e753e80e (Unity) asio::io_service::run
0x00007ff6e74c16bb (Unity) RunAssetImportWorkerClientV2
0x00007ff6e74c1710 (Unity) RunAssetImporterV2
0x00007ff6e697c7b6 (Unity) Application::InitializeProject
0x00007ff6e7330702 (Unity) WinMain
0x00007ff6e918f716 (Unity) __scrt_common_main_seh
0x00007ff8645c7034 (KERNEL32) BaseThreadInitThunk
0x00007ff864fc2651 (ntdll) RtlUserThreadStart
)
  ERROR: Build asset version error: assets/settings.meta in SourceAssetDB has modification time of '2021-09-13T16:08:49Z' while content on disk has modification time of '0001-01-01T00:00:00Z' with error code 2
Stacktrace:
0x00007ff6e5decbac (Unity) StackWalker::GetCurrentCallstack
0x00007ff6e5df5249 (Unity) StackWalker::ShowCallstack
0x00007ff6e732319c (Unity) GetStacktrace
0x00007ff6e75066e7 (Unity) GetAssetHashAndValidate
0x00007ff6e7501964 (Unity) AssetVersionBuilder::BuildHashOfSourceAssetArray
0x00007ff6e74ff822 (Unity) AssetVersionBuilder::BuildAssetVersion
0x00007ff6e74d9c3d (Unity) CreateAssetVersionBuilder
0x00007ff6e74e093d (Unity) ImportToObjects
0x00007ff6e74df758 (Unity) ImportAsset
0x00007ff6e7441518 (Unity) AssetImportWorker::Import
0x00007ff6e74952fa (Unity) <lambda_bc460064e1fa47f4de661f7cf652321c>::operator()
0x00007ff6e7538f22 (Unity) asio::detail::completion_handler<core::mutable_function<void __cdecl(void)> >::do_complete
0x00007ff6e753b080 (Unity) asio::detail::win_iocp_io_service::do_one
0x00007ff6e753e80e (Unity) asio::io_service::run
0x00007ff6e74c16bb (Unity) RunAssetImportWorkerClientV2
0x00007ff6e74c1710 (Unity) RunAssetImporterV2
0x00007ff6e697c7b6 (Unity) Application::InitializeProject
0x00007ff6e7330702 (Unity) WinMain
0x00007ff6e918f716 (Unity) __scrt_common_main_seh
0x00007ff8645c7034 (KERNEL32) BaseThreadInitThunk
0x00007ff864fc2651 (ntdll) RtlUserThreadStart

  Import took 544.858338 seconds .

========================================================================
Received Import Request.
  Time since last request: 0.171476 seconds.
  path: Assets/template/ExampleAssets
  artifactKey: Guid(990f5c2df70993f4987a388ca178996a) Importer(815301076,1909f56bfc062723c751e8b465ee728b)
Start importing Assets/template/ExampleAssets using Guid(990f5c2df70993f4987a388ca178996a) Importer(815301076,1909f56bfc062723c751e8b465ee728b)  -> (artifact id: 'd5ac45704b3e904ca5b19a6457cc79ac') in 2.038601 seconds 
  Import took 3.088345 seconds .

========================================================================
Received Prepare
Registering precompiled user dll's ...
Registered in 17.266262 seconds.
Begin MonoManager ReloadAssembly
Native extension for WindowsStandalone target not found
Refreshing native plugins compatible for Editor in 13.37 ms, found 2 plugins.
Preloading 0 native plugins for Editor in 0.00 ms.
Mono: successfully reloaded assembly
- Completed reload, in 70.971 seconds
Domain Reload Profiling:
	ReloadAssembly (74125ms)
		BeginReloadAssembly (59766ms)
			ExecutionOrderSort (0ms)
			DisableScriptedObjects (6018ms)
			BackupInstance (0ms)
			ReleaseScriptingObjects (0ms)
			CreateAndSetChildDomain (26726ms)
		EndReloadAssembly (10834ms)
			LoadAssemblies (5864ms)
			RebuildTransferFunctionScriptingTraits (0ms)
			SetupTypeCache (1730ms)
			ReleaseScriptCaches (2ms)
			RebuildScriptCaches (320ms)
			SetupLoadedEditorAssemblies (1815ms)
				LogAssemblyErrors (0ms)
				InitializePlatformSupportModulesInManaged (36ms)
				SetLoadedEditorAssemblies (1ms)
				RefreshPlugins (13ms)
				BeforeProcessingInitializeOnLoad (258ms)
				ProcessInitializeOnLoadAttributes (1294ms)
				ProcessInitializeOnLoadMethodAttributes (204ms)
				AfterProcessingInitializeOnLoad (9ms)
				EditorAssembliesLoaded (0ms)
			ExecutionOrderSort2 (0ms)
			AwakeInstancesAfterBackupRestoration (13ms)
Platform modules already initialized, skipping
Refreshing native plugins compatible for Editor in 1.58 ms, found 2 plugins.
Preloading 0 native plugins for Editor in 0.00 ms.
Unloading 2685 Unused Serialized files (Serialized files now loaded: 0)
System memory in use before: 118.4 MB.
System memory in use after: 118.6 MB.

Unloading 15 unused Assets to reduce memory usage. Loaded Objects now: 3227.
Total: 872.763100 ms (FindLiveObjects: 17.990400 ms CreateObjectMapping: 0.296900 ms MarkObjects: 854.411900 ms  DeleteObjects: 0.060300 ms)

AssetImportParameters requested are different than current active one (requested -> active):
  custom:framework-win-MediaFoundation: 216162199b28c13a410421893ffa2e32 -> 
  custom:video-decoder-ogg-theora: a1e56fd34408186e4bbccfd4996cb3dc -> 
  custom:container-muxer-webm: aa71ff27fc2769a1b78a27578f13a17b -> 
  custom:container-demuxer-webm: 4f35f7cbe854078d1ac9338744f61a02 -> 
  custom:container-demuxer-ogg: 62fdf1f143b41e24485cea50d1cbac27 -> 
  custom:video-encoder-webm-vp8: eb34c28f22e8b96e1ab97ce403110664 -> 
  custom:video-codec-MediaFoundation-h265: 746d11721c4dcdbdad8f713fa42b33f4 -> 
  custom:video-decoder-webm-vp8: 9c59270c3fd7afecdb556c50c9e8de78 -> 
  custom:audio-decoder-ogg-vorbis: bf7c407c2cedff20999df2af8eb42d56 -> 
  custom:audio-encoder-webm-vorbis: bf7c407c2cedff20999df2af8eb42d56 -> 
